# JRE version: OpenJDK Runtime Environment (8.0_222-b10) (build 1.8.0_222-8u222-b10-1ubuntu1~18.04.1-b10)
# Java VM: OpenJDK 64-Bit Server VM (25.222-b10 mixed mode linux-amd64 compressed oops)
Heap:
 PSYoungGen      total 3408384K, used 865888K [0x0000000695580000, 0x00000007c0000000, 0x00000007c0000000)
  eden space 2279936K, 0% used [0x0000000695580000,0x0000000695580000,0x0000000720800000)
  from space 1128448K, 76% used [0x0000000720800000,0x00000007555982d8,0x0000000765600000)
  to   space 1316352K, 0% used [0x000000076fa80000,0x000000076fa80000,0x00000007c0000000)
 ParOldGen       total 7000576K, used 7000569K [0x0000000440000000, 0x00000005eb480000, 0x0000000695580000)
  object space 7000576K, 99% used [0x0000000440000000,0x00000005eb47e7a8,0x00000005eb480000)
 Metaspace       used 17883K, capacity 18192K, committed 18304K, reserved 1064960K
  class space    used 2265K, capacity 2356K, committed 2432K, reserved 1048576K
GC Heap History (10 events):
Event: 770.670 GC heap after
Heap after GC invocations=156 (full 11):
 PSYoungGen      total 3619328K, used 1134469K [0x0000000695580000, 0x00000007c0000000, 0x00000007c0000000)
  eden space 2484736K, 0% used [0x0000000695580000,0x0000000695580000,0x000000072d000000)
  from space 1134592K, 99% used [0x000000072d000000,0x00000007723e1490,0x0000000772400000)
  to   space 1241600K, 0% used [0x0000000774380000,0x0000000774380000,0x00000007c0000000)
 ParOldGen       total 7000576K, used 6666868K [0x0000000440000000, 0x00000005eb480000, 0x0000000695580000)
  object space 7000576K, 95% used [0x0000000440000000,0x00000005d6e9d088,0x00000005eb480000)
 Metaspace       used 17883K, capacity 18192K, committed 18304K, reserved 1064960K
  class space    used 2265K, capacity 2356K, committed 2432K, reserved 1048576K
}
Event: 775.270 GC heap before
{Heap before GC invocations=157 (full 11):
 PSYoungGen      total 3619328K, used 3619205K [0x0000000695580000, 0x00000007c0000000, 0x00000007c0000000)
  eden space 2484736K, 100% used [0x0000000695580000,0x000000072d000000,0x000000072d000000)
  from space 1134592K, 99% used [0x000000072d000000,0x00000007723e1490,0x0000000772400000)
  to   space 1241600K, 0% used [0x0000000774380000,0x0000000774380000,0x00000007c0000000)
 ParOldGen       total 7000576K, used 6666868K [0x0000000440000000, 0x00000005eb480000, 0x0000000695580000)
  object space 7000576K, 95% used [0x0000000440000000,0x00000005d6e9d088,0x00000005eb480000)
 Metaspace       used 17883K, capacity 18192K, committed 18304K, reserved 1064960K
  class space    used 2265K, capacity 2356K, committed 2432K, reserved 1048576K
Event: 775.812 GC heap after
Heap after GC invocations=157 (full 11):
 PSYoungGen      total 3590144K, used 1138213K [0x0000000695580000, 0x00000007c0000000, 0x00000007c0000000)
  eden space 2348544K, 0% used [0x0000000695580000,0x0000000695580000,0x0000000724b00000)
  from space 1241600K, 91% used [0x0000000774380000,0x00000007b9b094b0,0x00000007c0000000)
  to   space 1272320K, 0% used [0x0000000724b00000,0x0000000724b00000,0x0000000772580000)
 ParOldGen       total 7000576K, used 6725420K [0x0000000440000000, 0x00000005eb480000, 0x0000000695580000)
  object space 7000576K, 96% used [0x0000000440000000,0x00000005da7cb068,0x00000005eb480000)
 Metaspace       used 17883K, capacity 18192K, committed 18304K, reserved 1064960K
  class space    used 2265K, capacity 2356K, committed 2432K, reserved 1048576K
}
Event: 780.094 GC heap before
{Heap before GC invocations=158 (full 11):
 PSYoungGen      total 3590144K, used 3486757K [0x0000000695580000, 0x00000007c0000000, 0x00000007c0000000)
  eden space 2348544K, 100% used [0x0000000695580000,0x0000000724b00000,0x0000000724b00000)
  from space 1241600K, 91% used [0x0000000774380000,0x00000007b9b094b0,0x00000007c0000000)
  to   space 1272320K, 0% used [0x0000000724b00000,0x0000000724b00000,0x0000000772580000)
 ParOldGen       total 7000576K, used 6725420K [0x0000000440000000, 0x00000005eb480000, 0x0000000695580000)
  object space 7000576K, 96% used [0x0000000440000000,0x00000005da7cb068,0x00000005eb480000)
 Metaspace       used 17883K, capacity 18192K, committed 18304K, reserved 1064960K
  class space    used 2265K, capacity 2356K, committed 2432K, reserved 1048576K
Event: 780.591 GC heap after
Heap after GC invocations=158 (full 11):
 PSYoungGen      total 3484160K, used 1135252K [0x0000000695580000, 0x00000007c0000000, 0x00000007c0000000)
  eden space 2348544K, 0% used [0x0000000695580000,0x0000000695580000,0x0000000724b00000)
  from space 1135616K, 99% used [0x0000000724b00000,0x0000000769fa53c0,0x000000076a000000)
  to   space 1294848K, 0% used [0x0000000770f80000,0x0000000770f80000,0x00000007c0000000)
 ParOldGen       total 7000576K, used 6784651K [0x0000000440000000, 0x00000005eb480000, 0x0000000695580000)
  object space 7000576K, 96% used [0x0000000440000000,0x00000005de1a2fc8,0x00000005eb480000)
 Metaspace       used 17883K, capacity 18192K, committed 18304K, reserved 1064960K
  class space    used 2265K, capacity 2356K, committed 2432K, reserved 1048576K
}
Event: 784.846 GC heap before
{Heap before GC invocations=159 (full 11):
 PSYoungGen      total 3484160K, used 3483796K [0x0000000695580000, 0x00000007c0000000, 0x00000007c0000000)
  eden space 2348544K, 100% used [0x0000000695580000,0x0000000724b00000,0x0000000724b00000)
  from space 1135616K, 99% used [0x0000000724b00000,0x0000000769fa53c0,0x000000076a000000)
  to   space 1294848K, 0% used [0x0000000770f80000,0x0000000770f80000,0x00000007c0000000)
 ParOldGen       total 7000576K, used 6784651K [0x0000000440000000, 0x00000005eb480000, 0x0000000695580000)
  object space 7000576K, 96% used [0x0000000440000000,0x00000005de1a2fc8,0x00000005eb480000)
 Metaspace       used 17883K, capacity 18192K, committed 18304K, reserved 1064960K
  class space    used 2265K, capacity 2356K, committed 2432K, reserved 1048576K
Event: 785.545 GC heap after
Heap after GC invocations=159 (full 11):
 PSYoungGen      total 3574784K, used 1123332K [0x0000000695580000, 0x00000007c0000000, 0x00000007c0000000)
  eden space 2279936K, 0% used [0x0000000695580000,0x0000000695580000,0x0000000720800000)
  from space 1294848K, 86% used [0x0000000770f80000,0x00000007b5881250,0x00000007c0000000)
  to   space 1306624K, 0% used [0x0000000720800000,0x0000000720800000,0x0000000770400000)
 ParOldGen       total 7000576K, used 6842683K [0x0000000440000000, 0x00000005eb480000, 0x0000000695580000)
  object space 7000576K, 97% used [0x0000000440000000,0x00000005e1a4eea8,0x00000005eb480000)
 Metaspace       used 17883K, capacity 18192K, committed 18304K, reserved 1064960K
  class space    used 2265K, capacity 2356K, committed 2432K, reserved 1048576K
}
Event: 789.483 GC heap before
{Heap before GC invocations=160 (full 11):
 PSYoungGen      total 3574784K, used 3403268K [0x0000000695580000, 0x00000007c0000000, 0x00000007c0000000)
  eden space 2279936K, 100% used [0x0000000695580000,0x0000000720800000,0x0000000720800000)
  from space 1294848K, 86% used [0x0000000770f80000,0x00000007b5881250,0x00000007c0000000)
  to   space 1306624K, 0% used [0x0000000720800000,0x0000000720800000,0x0000000770400000)
 ParOldGen       total 7000576K, used 6842683K [0x0000000440000000, 0x00000005eb480000, 0x0000000695580000)
  object space 7000576K, 97% used [0x0000000440000000,0x00000005e1a4eea8,0x00000005eb480000)
 Metaspace       used 17883K, capacity 18192K, committed 18304K, reserved 1064960K
  class space    used 2265K, capacity 2356K, committed 2432K, reserved 1048576K
Event: 790.756 GC heap after
Heap after GC invocations=160 (full 11):
 PSYoungGen      total 3408384K, used 1127988K [0x0000000695580000, 0x00000007c0000000, 0x00000007c0000000)
  eden space 2279936K, 0% used [0x0000000695580000,0x0000000695580000,0x0000000720800000)
  from space 1128448K, 99% used [0x0000000720800000,0x000000076558d070,0x0000000765600000)
  to   space 1316352K, 0% used [0x000000076fa80000,0x000000076fa80000,0x00000007c0000000)
 ParOldGen       total 7000576K, used 6900847K [0x0000000440000000, 0x00000005eb480000, 0x0000000695580000)
  object space 7000576K, 98% used [0x0000000440000000,0x00000005e531bd48,0x00000005eb480000)
 Metaspace       used 17883K, capacity 18192K, committed 18304K, reserved 1064960K
  class space    used 2265K, capacity 2356K, committed 2432K, reserved 1048576K
}
Event: 790.846 GC heap before
{Heap before GC invocations=161 (full 12):
 PSYoungGen      total 3408384K, used 1127988K [0x0000000695580000, 0x00000007c0000000, 0x00000007c0000000)
  eden space 2279936K, 0% used [0x0000000695580000,0x0000000695580000,0x0000000720800000)
  from space 1128448K, 99% used [0x0000000720800000,0x000000076558d070,0x0000000765600000)
  to   space 1316352K, 0% used [0x000000076fa80000,0x000000076fa80000,0x00000007c0000000)
 ParOldGen       total 7000576K, used 6900847K [0x0000000440000000, 0x00000005eb480000, 0x0000000695580000)
  object space 7000576K, 98% used [0x0000000440000000,0x00000005e531bd48,0x00000005eb480000)
 Metaspace       used 17883K, capacity 18192K, committed 18304K, reserved 1064960K
  class space    used 2265K, capacity 2356K, committed 2432K, reserved 1048576K

